2024-11-24 01:27:02,445 - model.dcrnn_supervisor - INFO - Log directory: data/model/pretrained/METR-LA
2024-11-24 01:27:02,446 - model.dcrnn_supervisor - INFO - {'base_dir': 'data/model', 'log_level': 'INFO', 'data': {'batch_size': 64, 'dataset_dir': 'data/METR-LA', 'graph_pkl_filename': 'data/sensor_graph/adj_mx.pkl', 'test_batch_size': 64}, 'model': {'cl_decay_steps': 2000, 'filter_type': 'dual_random_walk', 'horizon': 12, 'input_dim': 2, 'l1_decay': 0, 'max_diffusion_step': 2, 'num_nodes': 207, 'num_rnn_layers': 2, 'output_dim': 1, 'rnn_units': 64, 'seq_len': 12, 'use_curriculum_learning': True}, 'train': {'base_lr': 0.01, 'dropout': 0, 'epoch': 64, 'epochs': 100, 'epsilon': 0.001, 'global_step': 24375, 'log_dir': 'data/model/pretrained/METR-LA', 'lr_decay_ratio': 0.1, 'max_grad_norm': 5, 'max_to_keep': 100, 'min_learning_rate': 2e-06, 'model_filename': 'data/model/pretrained/METR-LA/models-2.7422-24375', 'optimizer': 'adam', 'patience': 50, 'steps': [20, 30, 40, 50], 'test_every_n_epochs': 10}}
2024-11-24 01:27:13,003 - model.dcrnn_supervisor - INFO - ('x_train', (23974, 12, 207, 2))
2024-11-24 01:27:13,003 - model.dcrnn_supervisor - INFO - ('y_train', (23974, 12, 207, 2))
2024-11-24 01:27:13,004 - model.dcrnn_supervisor - INFO - ('x_val', (3425, 12, 207, 2))
2024-11-24 01:27:13,004 - model.dcrnn_supervisor - INFO - ('y_val', (3425, 12, 207, 2))
2024-11-24 01:27:13,005 - model.dcrnn_supervisor - INFO - ('x_test', (6850, 12, 207, 2))
2024-11-24 01:27:13,005 - model.dcrnn_supervisor - INFO - ('y_test', (6850, 12, 207, 2))
2024-11-24 01:27:27,080 - model.dcrnn_supervisor - INFO - Total number of trainable parameters: 372352
2024-11-24 16:13:18,992 - model.dcrnn_supervisor - INFO - Log directory: data/model/pretrained/METR-LA
2024-11-24 16:13:18,992 - model.dcrnn_supervisor - INFO - {'base_dir': 'data/model', 'log_level': 'INFO', 'data': {'batch_size': 64, 'dataset_dir': 'data/METR-LA', 'graph_pkl_filename': 'data/sensor_graph/adj_mx.pkl', 'test_batch_size': 64}, 'model': {'cl_decay_steps': 2000, 'filter_type': 'dual_random_walk', 'horizon': 12, 'input_dim': 2, 'l1_decay': 0, 'max_diffusion_step': 2, 'num_nodes': 207, 'num_rnn_layers': 2, 'output_dim': 1, 'rnn_units': 64, 'seq_len': 12, 'use_curriculum_learning': True}, 'train': {'base_lr': 0.01, 'dropout': 0, 'epoch': 64, 'epochs': 100, 'epsilon': 0.001, 'global_step': 24375, 'log_dir': 'data/model/pretrained/METR-LA', 'lr_decay_ratio': 0.1, 'max_grad_norm': 5, 'max_to_keep': 100, 'min_learning_rate': 2e-06, 'model_filename': 'data/model/pretrained/METR-LA/models-2.7422-24375', 'optimizer': 'adam', 'patience': 50, 'steps': [20, 30, 40, 50], 'test_every_n_epochs': 10}}
2024-11-24 16:13:29,999 - model.dcrnn_supervisor - INFO - ('x_train', (23974, 12, 207, 2))
2024-11-24 16:13:29,999 - model.dcrnn_supervisor - INFO - ('y_train', (23974, 12, 207, 2))
2024-11-24 16:13:29,999 - model.dcrnn_supervisor - INFO - ('x_val', (3425, 12, 207, 2))
2024-11-24 16:13:29,999 - model.dcrnn_supervisor - INFO - ('y_val', (3425, 12, 207, 2))
2024-11-24 16:13:29,999 - model.dcrnn_supervisor - INFO - ('x_test', (6850, 12, 207, 2))
2024-11-24 16:13:29,999 - model.dcrnn_supervisor - INFO - ('y_test', (6850, 12, 207, 2))
2024-11-24 16:13:43,417 - model.dcrnn_supervisor - INFO - Total number of trainable parameters: 372352
2024-11-24 16:44:52,932 - model.dcrnn_supervisor - INFO - Log directory: data/model/pretrained/METR-LA
2024-11-24 16:44:52,932 - model.dcrnn_supervisor - INFO - {'base_dir': 'data/model', 'log_level': 'INFO', 'data': {'batch_size': 64, 'dataset_dir': 'data/METR-LA', 'graph_pkl_filename': 'data/sensor_graph/adj_mx.pkl', 'test_batch_size': 64}, 'model': {'cl_decay_steps': 2000, 'filter_type': 'dual_random_walk', 'horizon': 12, 'input_dim': 2, 'l1_decay': 0, 'max_diffusion_step': 2, 'num_nodes': 207, 'num_rnn_layers': 2, 'output_dim': 1, 'rnn_units': 64, 'seq_len': 12, 'use_curriculum_learning': True}, 'train': {'base_lr': 0.01, 'dropout': 0, 'epoch': 64, 'epochs': 100, 'epsilon': 0.001, 'global_step': 24375, 'log_dir': 'data/model/pretrained/METR-LA', 'lr_decay_ratio': 0.1, 'max_grad_norm': 5, 'max_to_keep': 100, 'min_learning_rate': 2e-06, 'model_filename': 'data/model/pretrained/METR-LA/models-2.7422-24375', 'optimizer': 'adam', 'patience': 50, 'steps': [20, 30, 40, 50], 'test_every_n_epochs': 10}}
2024-11-24 16:45:01,945 - model.dcrnn_supervisor - INFO - ('x_train', (23974, 12, 207, 2))
2024-11-24 16:45:01,945 - model.dcrnn_supervisor - INFO - ('y_train', (23974, 12, 207, 2))
2024-11-24 16:45:01,945 - model.dcrnn_supervisor - INFO - ('x_val', (3425, 12, 207, 2))
2024-11-24 16:45:01,945 - model.dcrnn_supervisor - INFO - ('y_val', (3425, 12, 207, 2))
2024-11-24 16:45:01,945 - model.dcrnn_supervisor - INFO - ('x_test', (6850, 12, 207, 2))
2024-11-24 16:45:01,945 - model.dcrnn_supervisor - INFO - ('y_test', (6850, 12, 207, 2))
2024-11-24 16:45:09,645 - model.dcrnn_supervisor - INFO - Total number of trainable parameters: 372352
2024-11-24 16:49:48,038 - model.dcrnn_supervisor - INFO - Log directory: data/model/pretrained/METR-LA
2024-11-24 16:49:48,038 - model.dcrnn_supervisor - INFO - {'base_dir': 'data/model', 'log_level': 'INFO', 'data': {'batch_size': 64, 'dataset_dir': 'data/METR-LA', 'graph_pkl_filename': 'data/sensor_graph/adj_mx.pkl', 'test_batch_size': 64}, 'model': {'cl_decay_steps': 2000, 'filter_type': 'dual_random_walk', 'horizon': 12, 'input_dim': 2, 'l1_decay': 0, 'max_diffusion_step': 2, 'num_nodes': 207, 'num_rnn_layers': 2, 'output_dim': 1, 'rnn_units': 64, 'seq_len': 12, 'use_curriculum_learning': True}, 'train': {'base_lr': 0.01, 'dropout': 0, 'epoch': 64, 'epochs': 100, 'epsilon': 0.001, 'global_step': 24375, 'log_dir': 'data/model/pretrained/METR-LA', 'lr_decay_ratio': 0.1, 'max_grad_norm': 5, 'max_to_keep': 100, 'min_learning_rate': 2e-06, 'model_filename': 'data/model/pretrained/METR-LA/models-2.7422-24375', 'optimizer': 'adam', 'patience': 50, 'steps': [20, 30, 40, 50], 'test_every_n_epochs': 10}}
2024-11-24 16:49:56,405 - model.dcrnn_supervisor - INFO - ('x_train', (23974, 12, 207, 2))
2024-11-24 16:49:56,405 - model.dcrnn_supervisor - INFO - ('y_train', (23974, 12, 207, 2))
2024-11-24 16:49:56,405 - model.dcrnn_supervisor - INFO - ('x_val', (3425, 12, 207, 2))
2024-11-24 16:49:56,405 - model.dcrnn_supervisor - INFO - ('y_val', (3425, 12, 207, 2))
2024-11-24 16:49:56,405 - model.dcrnn_supervisor - INFO - ('x_test', (6850, 12, 207, 2))
2024-11-24 16:49:56,405 - model.dcrnn_supervisor - INFO - ('y_test', (6850, 12, 207, 2))
2024-11-24 16:50:03,740 - model.dcrnn_supervisor - INFO - Total number of trainable parameters: 372352
2024-11-24 16:54:44,035 - model.dcrnn_supervisor - INFO - Log directory: data/model/pretrained/METR-LA
2024-11-24 16:54:44,042 - model.dcrnn_supervisor - INFO - {'base_dir': 'data/model', 'log_level': 'INFO', 'data': {'batch_size': 64, 'dataset_dir': 'data/METR-LA', 'graph_pkl_filename': 'data/sensor_graph/adj_mx.pkl', 'test_batch_size': 64}, 'model': {'cl_decay_steps': 2000, 'filter_type': 'dual_random_walk', 'horizon': 12, 'input_dim': 2, 'l1_decay': 0, 'max_diffusion_step': 2, 'num_nodes': 207, 'num_rnn_layers': 2, 'output_dim': 1, 'rnn_units': 64, 'seq_len': 12, 'use_curriculum_learning': True}, 'train': {'base_lr': 0.01, 'dropout': 0, 'epoch': 64, 'epochs': 100, 'epsilon': 0.001, 'global_step': 24375, 'log_dir': 'data/model/pretrained/METR-LA', 'lr_decay_ratio': 0.1, 'max_grad_norm': 5, 'max_to_keep': 100, 'min_learning_rate': 2e-06, 'model_filename': 'data/model/pretrained/METR-LA/models-2.7422-24375', 'optimizer': 'adam', 'patience': 50, 'steps': [20, 30, 40, 50], 'test_every_n_epochs': 10}}
2024-11-24 16:54:51,884 - model.dcrnn_supervisor - INFO - ('x_train', (23974, 12, 207, 2))
2024-11-24 16:54:51,892 - model.dcrnn_supervisor - INFO - ('y_train', (23974, 12, 207, 2))
2024-11-24 16:54:51,892 - model.dcrnn_supervisor - INFO - ('x_val', (3425, 12, 207, 2))
2024-11-24 16:54:51,892 - model.dcrnn_supervisor - INFO - ('y_val', (3425, 12, 207, 2))
2024-11-24 16:54:51,892 - model.dcrnn_supervisor - INFO - ('x_test', (6850, 12, 207, 2))
2024-11-24 16:54:51,892 - model.dcrnn_supervisor - INFO - ('y_test', (6850, 12, 207, 2))
2024-11-24 16:54:59,246 - model.dcrnn_supervisor - INFO - Total number of trainable parameters: 372352
